# JRE version: Java(TM) SE Runtime Environment (8.0_51-b16) (build 1.8.0_51-b16)
# Java VM: Java HotSpot(TM) 64-Bit Server VM (25.51-b03 mixed mode windows-amd64 compressed oops)
Heap:
 par new generation   total 306688K, used 227205K [0x00000006fe800000, 0x00000007134c0000, 0x00000007134c0000)
  eden space 272640K,  70% used [0x00000006fe800000, 0x000000070a4a1778, 0x000000070f240000)
  from space 34048K, 100% used [0x0000000711380000, 0x00000007134c0000, 0x00000007134c0000)
  to   space 34048K,   0% used [0x000000070f240000, 0x000000070f240000, 0x0000000711380000)
 concurrent mark-sweep generation total 1756416K, used 112081K [0x00000007134c0000, 0x000000077e800000, 0x00000007c0000000)
 Metaspace       used 33615K, capacity 33945K, committed 34248K, reserved 1079296K
  class space    used 4161K, capacity 4276K, committed 4296K, reserved 1048576K
GC Heap History (10 events):
Event: 14.629 GC heap before
{Heap before GC invocations=3 (full 2):
 par new generation   total 306688K, used 304656K [0x00000006fe800000, 0x00000007134c0000, 0x00000007134c0000)
  eden space 272640K, 100% used [0x00000006fe800000, 0x000000070f240000, 0x000000070f240000)
  from space 34048K,  94% used [0x000000070f240000, 0x00000007111842b8, 0x0000000711380000)
  to   space 34048K,   0% used [0x0000000711380000, 0x0000000711380000, 0x00000007134c0000)
 concurrent mark-sweep generation total 1756416K, used 45670K [0x00000007134c0000, 0x000000077e800000, 0x00000007c0000000)
 Metaspace       used 22933K, capacity 23278K, committed 23496K, reserved 1069056K
  class space    used 2854K, capacity 2938K, committed 3016K, reserved 1048576K
Event: 14.651 GC heap after
Heap after GC invocations=4 (full 2):
 par new generation   total 306688K, used 14782K [0x00000006fe800000, 0x00000007134c0000, 0x00000007134c0000)
  eden space 272640K,   0% used [0x00000006fe800000, 0x00000006fe800000, 0x000000070f240000)
  from space 34048K,  43% used [0x0000000711380000, 0x00000007121ef900, 0x00000007134c0000)
  to   space 34048K,   0% used [0x000000070f240000, 0x000000070f240000, 0x0000000711380000)
 concurrent mark-sweep generation total 1756416K, used 45670K [0x00000007134c0000, 0x000000077e800000, 0x00000007c0000000)
 Metaspace       used 22933K, capacity 23278K, committed 23496K, reserved 1069056K
  class space    used 2854K, capacity 2938K, committed 3016K, reserved 1048576K
}
Event: 18.091 GC heap before
{Heap before GC invocations=4 (full 3):
 par new generation   total 306688K, used 287422K [0x00000006fe800000, 0x00000007134c0000, 0x00000007134c0000)
  eden space 272640K, 100% used [0x00000006fe800000, 0x000000070f240000, 0x000000070f240000)
  from space 34048K,  43% used [0x0000000711380000, 0x00000007121ef900, 0x00000007134c0000)
  to   space 34048K,   0% used [0x000000070f240000, 0x000000070f240000, 0x0000000711380000)
 concurrent mark-sweep generation total 1756416K, used 45670K [0x00000007134c0000, 0x000000077e800000, 0x00000007c0000000)
 Metaspace       used 26351K, capacity 26697K, committed 26952K, reserved 1073152K
  class space    used 3289K, capacity 3386K, committed 3400K, reserved 1048576K
Event: 18.134 GC heap after
Heap after GC invocations=5 (full 3):
 par new generation   total 306688K, used 26501K [0x00000006fe800000, 0x00000007134c0000, 0x00000007134c0000)
  eden space 272640K,   0% used [0x00000006fe800000, 0x00000006fe800000, 0x000000070f240000)
  from space 34048K,  77% used [0x000000070f240000, 0x0000000710c21788, 0x0000000711380000)
  to   space 34048K,   0% used [0x0000000711380000, 0x0000000711380000, 0x00000007134c0000)
 concurrent mark-sweep generation total 1756416K, used 45670K [0x00000007134c0000, 0x000000077e800000, 0x00000007c0000000)
 Metaspace       used 26351K, capacity 26697K, committed 26952K, reserved 1073152K
  class space    used 3289K, capacity 3386K, committed 3400K, reserved 1048576K
}
Event: 21.102 GC heap before
{Heap before GC invocations=5 (full 3):
 par new generation   total 306688K, used 299141K [0x00000006fe800000, 0x00000007134c0000, 0x00000007134c0000)
  eden space 272640K, 100% used [0x00000006fe800000, 0x000000070f240000, 0x000000070f240000)
  from space 34048K,  77% used [0x000000070f240000, 0x0000000710c21788, 0x0000000711380000)
  to   space 34048K,   0% used [0x0000000711380000, 0x0000000711380000, 0x00000007134c0000)
 concurrent mark-sweep generation total 1756416K, used 45670K [0x00000007134c0000, 0x000000077e800000, 0x00000007c0000000)
 Metaspace       used 28275K, capacity 28585K, committed 28744K, reserved 1075200K
  class space    used 3507K, capacity 3610K, committed 3656K, reserved 1048576K
Event: 21.159 GC heap after
Heap after GC invocations=6 (full 3):
 par new generation   total 306688K, used 26450K [0x00000006fe800000, 0x00000007134c0000, 0x00000007134c0000)
  eden space 272640K,   0% used [0x00000006fe800000, 0x00000006fe800000, 0x000000070f240000)
  from space 34048K,  77% used [0x0000000711380000, 0x0000000712d548c8, 0x00000007134c0000)
  to   space 34048K,   0% used [0x000000070f240000, 0x000000070f240000, 0x0000000711380000)
 concurrent mark-sweep generation total 1756416K, used 53985K [0x00000007134c0000, 0x000000077e800000, 0x00000007c0000000)
 Metaspace       used 28275K, capacity 28585K, committed 28744K, reserved 1075200K
  class space    used 3507K, capacity 3610K, committed 3656K, reserved 1048576K
}
Event: 25.113 GC heap before
{Heap before GC invocations=6 (full 3):
 par new generation   total 306688K, used 299090K [0x00000006fe800000, 0x00000007134c0000, 0x00000007134c0000)
  eden space 272640K, 100% used [0x00000006fe800000, 0x000000070f240000, 0x000000070f240000)
  from space 34048K,  77% used [0x0000000711380000, 0x0000000712d548c8, 0x00000007134c0000)
  to   space 34048K,   0% used [0x000000070f240000, 0x000000070f240000, 0x0000000711380000)
 concurrent mark-sweep generation total 1756416K, used 53985K [0x00000007134c0000, 0x000000077e800000, 0x00000007c0000000)
 Metaspace       used 28390K, capacity 28713K, committed 29000K, reserved 1075200K
  class space    used 3509K, capacity 3610K, committed 3656K, reserved 1048576K
Event: 25.220 GC heap after
Heap after GC invocations=7 (full 3):
 par new generation   total 306688K, used 34047K [0x00000006fe800000, 0x00000007134c0000, 0x00000007134c0000)
  eden space 272640K,   0% used [0x00000006fe800000, 0x00000006fe800000, 0x000000070f240000)
  from space 34048K,  99% used [0x000000070f240000, 0x000000071137fff8, 0x0000000711380000)
  to   space 34048K,   0% used [0x0000000711380000, 0x0000000711380000, 0x00000007134c0000)
 concurrent mark-sweep generation total 1756416K, used 97687K [0x00000007134c0000, 0x000000077e800000, 0x00000007c0000000)
 Metaspace       used 28390K, capacity 28713K, committed 29000K, reserved 1075200K
  class space    used 3509K, capacity 3610K, committed 3656K, reserved 1048576K
}
Event: 28.731 GC heap before
{Heap before GC invocations=7 (full 3):
 par new generation   total 306688K, used 306687K [0x00000006fe800000, 0x00000007134c0000, 0x00000007134c0000)
  eden space 272640K, 100% used [0x00000006fe800000, 0x000000070f240000, 0x000000070f240000)
  from space 34048K,  99% used [0x000000070f240000, 0x000000071137fff8, 0x0000000711380000)
  to   space 34048K,   0% used [0x0000000711380000, 0x0000000711380000, 0x00000007134c0000)
 concurrent mark-sweep generation total 1756416K, used 97184K [0x00000007134c0000, 0x000000077e800000, 0x00000007c0000000)
 Metaspace       used 30277K, capacity 30645K, committed 31048K, reserved 1077248K
  class space    used 3773K, capacity 3868K, committed 3912K, reserved 1048576K
Event: 28.810 GC heap after
Heap after GC invocations=8 (full 3):
 par new generation   total 306688K, used 34048K [0x00000006fe800000, 0x00000007134c0000, 0x00000007134c0000)
  eden space 272640K,   0% used [0x00000006fe800000, 0x00000006fe800000, 0x000000070f240000)
  from space 34048K, 100% used [0x0000000711380000, 0x00000007134c0000, 0x00000007134c0000)
  to   space 34048K,   0% used [0x000000070f240000, 0x000000070f240000, 0x0000000711380000)
 concurrent mark-sweep generation total 1756416K, used 112081K [0x00000007134c0000, 0x000000077e800000, 0x00000007c0000000)
 Metaspace       used 30277K, capacity 30645K, committed 31048K, reserved 1077248K
  class space    used 3773K, capacity 3868K, committed 3912K, reserved 1048576K
}

